c:\users\lydia\onedrive\desktop\studies\spring 23\reverse\reverse2023\hw3\part3\codeshook\debug\codes.pch
c:\users\lydia\onedrive\desktop\studies\spring 23\reverse\reverse2023\hw3\part3\codeshook\debug\vc142.pdb
c:\users\lydia\onedrive\desktop\studies\spring 23\reverse\reverse2023\hw3\part3\codeshook\debug\vc142.idb
c:\users\lydia\onedrive\desktop\studies\spring 23\reverse\reverse2023\hw3\part3\codeshook\debug\pch.obj
c:\users\lydia\onedrive\desktop\studies\spring 23\reverse\reverse2023\hw3\part3\codeshook\debug\codeshook.obj
c:\users\lydia\onedrive\desktop\studies\spring 23\reverse\reverse2023\hw3\part3\part3hook\debug\part3app.dll
c:\users\lydia\onedrive\desktop\studies\spring 23\reverse\reverse2023\hw3\part3\part3hook\debug\part3app.ilk
c:\users\lydia\onedrive\desktop\studies\spring 23\reverse\reverse2023\hw3\part3\part3hook\debug\part3app.pdb
c:\users\lydia\onedrive\desktop\studies\spring 23\reverse\reverse2023\hw3\part3\part3hook\debug\$codes.ilk
c:\users\lydia\onedrive\desktop\studies\spring 23\reverse\reverse2023\hw3\part3\part3hook\debug\$codes.dll
c:\users\lydia\onedrive\desktop\studies\spring 23\reverse\reverse2023\hw3\part3\part3hook\debug\$codes.pdb
c:\users\lydia\onedrive\desktop\studies\spring 23\reverse\reverse2023\hw3\part3\part3hook\debug\codes.ilk
c:\users\lydia\onedrive\desktop\studies\spring 23\reverse\reverse2023\hw3\part3\part3hook\debug\codes.dll
c:\users\lydia\onedrive\desktop\studies\spring 23\reverse\reverse2023\hw3\part3\part3hook\debug\codes.pdb
c:\users\lydia\onedrive\desktop\studies\spring 23\reverse\reverse2023\hw3\part3\codeshook\debug\dllmain.obj
c:\users\lydia\onedrive\desktop\studies\spring 23\reverse\reverse2023\hw3\part3\codeshook\debug\$codes.pch
c:\users\lydia\onedrive\desktop\studies\spring 23\reverse\reverse2023\hw3\part3\codeshook\debug\part3app.pch
c:\users\lydia\onedrive\desktop\studies\spring 23\reverse\reverse2023\hw3\part3\codeshook\debug\part3app.tlog\cl.command.1.tlog
c:\users\lydia\onedrive\desktop\studies\spring 23\reverse\reverse2023\hw3\part3\codeshook\debug\part3app.tlog\cl.read.1.tlog
c:\users\lydia\onedrive\desktop\studies\spring 23\reverse\reverse2023\hw3\part3\codeshook\debug\part3app.tlog\cl.write.1.tlog
c:\users\lydia\onedrive\desktop\studies\spring 23\reverse\reverse2023\hw3\part3\codeshook\debug\part3app.tlog\link.command.1.tlog
c:\users\lydia\onedrive\desktop\studies\spring 23\reverse\reverse2023\hw3\part3\codeshook\debug\part3app.tlog\link.read.1.tlog
c:\users\lydia\onedrive\desktop\studies\spring 23\reverse\reverse2023\hw3\part3\codeshook\debug\part3app.tlog\link.write.1.tlog
